<?xml version="1.0" encoding="utf-8"?><testsuites name="pytest tests"><testsuite name="pytest" errors="0" failures="0" skipped="0" tests="32" time="2.769" timestamp="2026-03-16T10:17:33.398849+00:00" hostname="agent-env-1174bdfe-a885-4938-9ce8-adb8a06ae464"><testcase classname="backend.tests.test_welldhan_api.TestSeedAndHealth" name="test_seed_endpoint" time="0.278" /><testcase classname="backend.tests.test_welldhan_api.TestAuth" name="test_send_otp_user" time="0.051" /><testcase classname="backend.tests.test_welldhan_api.TestAuth" name="test_send_otp_trainer" time="0.048" /><testcase classname="backend.tests.test_welldhan_api.TestAuth" name="test_send_otp_manager" time="0.050" /><testcase classname="backend.tests.test_welldhan_api.TestAuth" name="test_send_otp_admin" time="0.052" /><testcase classname="backend.tests.test_welldhan_api.TestAuth" name="test_verify_otp_user" time="0.099" /><testcase classname="backend.tests.test_welldhan_api.TestAuth" name="test_invalid_otp" time="0.114" /><testcase classname="backend.tests.test_welldhan_api.TestAuth" name="test_unknown_phone" time="0.052" /><testcase classname="backend.tests.test_welldhan_api.TestUserRole" name="test_get_me_user" time="0.147" /><testcase classname="backend.tests.test_welldhan_api.TestUserRole" name="test_get_slots_all" time="0.055" /><testcase classname="backend.tests.test_welldhan_api.TestUserRole" name="test_get_slots_by_sport" time="0.200" /><testcase classname="backend.tests.test_welldhan_api.TestUserRole" name="test_get_members" time="0.057" /><testcase classname="backend.tests.test_welldhan_api.TestUserRole" name="test_get_bookings" time="0.047" /><testcase classname="backend.tests.test_welldhan_api.TestUserRole" name="test_get_payments" time="0.049" /><testcase classname="backend.tests.test_welldhan_api.TestUserRole" name="test_get_streak" time="0.047" /><testcase classname="backend.tests.test_welldhan_api.TestUserRole" name="test_get_food_prefs" time="0.055" /><testcase classname="backend.tests.test_welldhan_api.TestUserRole" name="test_create_booking" time="0.159" /><testcase classname="backend.tests.test_welldhan_api.TestTrainerRole" name="test_get_me_trainer" time="0.140" /><testcase classname="backend.tests.test_welldhan_api.TestTrainerRole" name="test_trainer_profile" time="0.048" /><testcase classname="backend.tests.test_welldhan_api.TestTrainerRole" name="test_trainer_slots" time="0.046" /><testcase classname="backend.tests.test_welldhan_api.TestTrainerRole" name="test_trainer_students" time="0.050" /><testcase classname="backend.tests.test_welldhan_api.TestTrainerRole" name="test_trainer_today_bookings" time="0.049" /><testcase classname="backend.tests.test_welldhan_api.TestManagerRole" name="test_get_me_manager" time="0.146" /><testcase classname="backend.tests.test_welldhan_api.TestManagerRole" name="test_manager_summary" time="0.049" /><testcase classname="backend.tests.test_welldhan_api.TestManagerRole" name="test_manager_households" time="0.057" /><testcase classname="backend.tests.test_welldhan_api.TestManagerRole" name="test_manager_pending_payments" time="0.054" /><testcase classname="backend.tests.test_welldhan_api.TestManagerRole" name="test_manager_inventory" time="0.054" /><testcase classname="backend.tests.test_welldhan_api.TestAdminRole" name="test_get_me_admin" time="0.144" /><testcase classname="backend.tests.test_welldhan_api.TestAdminRole" name="test_admin_summary" time="0.050" /><testcase classname="backend.tests.test_welldhan_api.TestAdminRole" name="test_admin_communities" time="0.046" /><testcase classname="backend.tests.test_welldhan_api.TestAdminRole" name="test_admin_trainers" time="0.045" /><testcase classname="backend.tests.test_welldhan_api.TestAdminRole" name="test_admin_packages" time="0.045" /></testsuite></testsuites>